Analysis & Synthesis report for Ramses
Mon Jul 17 14:37:11 2017
Quartus II 64-Bit Version 13.1.0 Build 162 10/23/2013 SJ Web Edition


---------------------
; Table of Contents ;
---------------------
  1. Legal Notice
  2. Analysis & Synthesis Summary
  3. Analysis & Synthesis Settings
  4. Parallel Compilation
  5. Analysis & Synthesis Source Files Read
  6. Analysis & Synthesis Resource Usage Summary
  7. Analysis & Synthesis Resource Utilization by Entity
  8. Logic Cells Representing Combinational Loops
  9. General Register Statistics
 10. Inverted Register Statistics
 11. Multiplexer Restructuring Statistics (Restructuring Performed)
 12. Elapsed Time Per Partition
 13. Analysis & Synthesis Messages



----------------
; Legal Notice ;
----------------
Copyright (C) 1991-2013 Altera Corporation
Your use of Altera Corporation's design tools, logic functions 
and other software and tools, and its AMPP partner logic 
functions, and any output files from any of the foregoing 
(including device programming or simulation files), and any 
associated documentation or information are expressly subject 
to the terms and conditions of the Altera Program License 
Subscription Agreement, Altera MegaCore Function License 
Agreement, or other applicable license agreement, including, 
without limitation, that your use is for the sole purpose of 
programming logic devices manufactured by Altera and sold by 
Altera or its authorized distributors.  Please refer to the 
applicable agreement for further details.



+---------------------------------------------------------------------------------+
; Analysis & Synthesis Summary                                                    ;
+------------------------------------+--------------------------------------------+
; Analysis & Synthesis Status        ; Successful - Mon Jul 17 14:37:11 2017      ;
; Quartus II 64-Bit Version          ; 13.1.0 Build 162 10/23/2013 SJ Web Edition ;
; Revision Name                      ; Ramses                                     ;
; Top-level Entity Name              ; Ramses                                     ;
; Family                             ; Cyclone III                                ;
; Total logic elements               ; 4,292                                      ;
;     Total combinational functions  ; 3,866                                      ;
;     Dedicated logic registers      ; 2,048                                      ;
; Total registers                    ; 2048                                       ;
; Total pins                         ; 23                                         ;
; Total virtual pins                 ; 0                                          ;
; Total memory bits                  ; 0                                          ;
; Embedded Multiplier 9-bit elements ; 0                                          ;
; Total PLLs                         ; 0                                          ;
+------------------------------------+--------------------------------------------+


+----------------------------------------------------------------------------------------------------------------------+
; Analysis & Synthesis Settings                                                                                        ;
+----------------------------------------------------------------------------+--------------------+--------------------+
; Option                                                                     ; Setting            ; Default Value      ;
+----------------------------------------------------------------------------+--------------------+--------------------+
; Device                                                                     ; EP3C16F484C6       ;                    ;
; Top-level entity name                                                      ; Ramses             ; Ramses             ;
; Family name                                                                ; Cyclone III        ; Cyclone IV GX      ;
; Use smart compilation                                                      ; Off                ; Off                ;
; Enable parallel Assembler and TimeQuest Timing Analyzer during compilation ; On                 ; On                 ;
; Enable compact report table                                                ; Off                ; Off                ;
; Restructure Multiplexers                                                   ; Auto               ; Auto               ;
; Create Debugging Nodes for IP Cores                                        ; Off                ; Off                ;
; Preserve fewer node names                                                  ; On                 ; On                 ;
; Disable OpenCore Plus hardware evaluation                                  ; Off                ; Off                ;
; Verilog Version                                                            ; Verilog_2001       ; Verilog_2001       ;
; VHDL Version                                                               ; VHDL_1993          ; VHDL_1993          ;
; State Machine Processing                                                   ; Auto               ; Auto               ;
; Safe State Machine                                                         ; Off                ; Off                ;
; Extract Verilog State Machines                                             ; On                 ; On                 ;
; Extract VHDL State Machines                                                ; On                 ; On                 ;
; Ignore Verilog initial constructs                                          ; Off                ; Off                ;
; Iteration limit for constant Verilog loops                                 ; 5000               ; 5000               ;
; Iteration limit for non-constant Verilog loops                             ; 250                ; 250                ;
; Add Pass-Through Logic to Inferred RAMs                                    ; On                 ; On                 ;
; Infer RAMs from Raw Logic                                                  ; On                 ; On                 ;
; Parallel Synthesis                                                         ; On                 ; On                 ;
; DSP Block Balancing                                                        ; Auto               ; Auto               ;
; NOT Gate Push-Back                                                         ; On                 ; On                 ;
; Power-Up Don't Care                                                        ; On                 ; On                 ;
; Remove Redundant Logic Cells                                               ; Off                ; Off                ;
; Remove Duplicate Registers                                                 ; On                 ; On                 ;
; Ignore CARRY Buffers                                                       ; Off                ; Off                ;
; Ignore CASCADE Buffers                                                     ; Off                ; Off                ;
; Ignore GLOBAL Buffers                                                      ; Off                ; Off                ;
; Ignore ROW GLOBAL Buffers                                                  ; Off                ; Off                ;
; Ignore LCELL Buffers                                                       ; Off                ; Off                ;
; Ignore SOFT Buffers                                                        ; On                 ; On                 ;
; Limit AHDL Integers to 32 Bits                                             ; Off                ; Off                ;
; Optimization Technique                                                     ; Balanced           ; Balanced           ;
; Carry Chain Length                                                         ; 70                 ; 70                 ;
; Auto Carry Chains                                                          ; On                 ; On                 ;
; Auto Open-Drain Pins                                                       ; On                 ; On                 ;
; Perform WYSIWYG Primitive Resynthesis                                      ; Off                ; Off                ;
; Auto ROM Replacement                                                       ; On                 ; On                 ;
; Auto RAM Replacement                                                       ; On                 ; On                 ;
; Auto DSP Block Replacement                                                 ; On                 ; On                 ;
; Auto Shift Register Replacement                                            ; Auto               ; Auto               ;
; Allow Shift Register Merging across Hierarchies                            ; Auto               ; Auto               ;
; Auto Clock Enable Replacement                                              ; On                 ; On                 ;
; Strict RAM Replacement                                                     ; Off                ; Off                ;
; Allow Synchronous Control Signals                                          ; On                 ; On                 ;
; Force Use of Synchronous Clear Signals                                     ; Off                ; Off                ;
; Auto RAM Block Balancing                                                   ; On                 ; On                 ;
; Auto RAM to Logic Cell Conversion                                          ; Off                ; Off                ;
; Auto Resource Sharing                                                      ; Off                ; Off                ;
; Allow Any RAM Size For Recognition                                         ; Off                ; Off                ;
; Allow Any ROM Size For Recognition                                         ; Off                ; Off                ;
; Allow Any Shift Register Size For Recognition                              ; Off                ; Off                ;
; Use LogicLock Constraints during Resource Balancing                        ; On                 ; On                 ;
; Ignore translate_off and synthesis_off directives                          ; Off                ; Off                ;
; Timing-Driven Synthesis                                                    ; On                 ; On                 ;
; Report Parameter Settings                                                  ; On                 ; On                 ;
; Report Source Assignments                                                  ; On                 ; On                 ;
; Report Connectivity Checks                                                 ; On                 ; On                 ;
; Ignore Maximum Fan-Out Assignments                                         ; Off                ; Off                ;
; Synchronization Register Chain Length                                      ; 2                  ; 2                  ;
; PowerPlay Power Optimization                                               ; Normal compilation ; Normal compilation ;
; HDL message level                                                          ; Level2             ; Level2             ;
; Suppress Register Optimization Related Messages                            ; Off                ; Off                ;
; Number of Removed Registers Reported in Synthesis Report                   ; 5000               ; 5000               ;
; Number of Swept Nodes Reported in Synthesis Report                         ; 5000               ; 5000               ;
; Number of Inverted Registers Reported in Synthesis Report                  ; 100                ; 100                ;
; Clock MUX Protection                                                       ; On                 ; On                 ;
; Auto Gated Clock Conversion                                                ; Off                ; Off                ;
; Block Design Naming                                                        ; Auto               ; Auto               ;
; SDC constraint protection                                                  ; Off                ; Off                ;
; Synthesis Effort                                                           ; Auto               ; Auto               ;
; Shift Register Replacement - Allow Asynchronous Clear Signal               ; On                 ; On                 ;
; Pre-Mapping Resynthesis Optimization                                       ; Off                ; Off                ;
; Analysis & Synthesis Message Level                                         ; Medium             ; Medium             ;
; Disable Register Merging Across Hierarchies                                ; Auto               ; Auto               ;
; Resource Aware Inference For Block RAM                                     ; On                 ; On                 ;
; Synthesis Seed                                                             ; 1                  ; 1                  ;
+----------------------------------------------------------------------------+--------------------+--------------------+


Parallel compilation was disabled, but you have multiple processors available. Enable parallel compilation to reduce compilation time.
+-------------------------------------+
; Parallel Compilation                ;
+----------------------------+--------+
; Processors                 ; Number ;
+----------------------------+--------+
; Number detected on machine ; 4      ;
; Maximum allowed            ; 1      ;
+----------------------------+--------+


+-------------------------------------------------------------------------------------------------------------------------------------------------------------+
; Analysis & Synthesis Source Files Read                                                                                                                      ;
+----------------------------------+-----------------+------------------------------------------+---------------------------------------------------+---------+
; File Name with User-Entered Path ; Used in Netlist ; File Type                                ; File Name with Absolute Path                      ; Library ;
+----------------------------------+-----------------+------------------------------------------+---------------------------------------------------+---------+
; Controle.bdf                     ; yes             ; User Block Diagram/Schematic File        ; C:/Users/aluno/Downloads/Ramses/Controle.bdf      ;         ;
; XOR2x8.bdf                       ; yes             ; User Block Diagram/Schematic File        ; C:/Users/aluno/Downloads/Ramses/XOR2x8.bdf        ;         ;
; SHR.bdf                          ; yes             ; User Block Diagram/Schematic File        ; C:/Users/aluno/Downloads/Ramses/SHR.bdf           ;         ;
; REG8.bdf                         ; yes             ; User Block Diagram/Schematic File        ; C:/Users/aluno/Downloads/Ramses/REG8.bdf          ;         ;
; RCA8.bdf                         ; yes             ; User Block Diagram/Schematic File        ; C:/Users/aluno/Downloads/Ramses/RCA8.bdf          ;         ;
; RCA4.bdf                         ; yes             ; User Block Diagram/Schematic File        ; C:/Users/aluno/Downloads/Ramses/RCA4.bdf          ;         ;
; PC.bdf                           ; yes             ; User Block Diagram/Schematic File        ; C:/Users/aluno/Downloads/Ramses/PC.bdf            ;         ;
; OR2x8.bdf                        ; yes             ; User Block Diagram/Schematic File        ; C:/Users/aluno/Downloads/Ramses/OR2x8.bdf         ;         ;
; MUX32x8.bdf                      ; yes             ; User Block Diagram/Schematic File        ; C:/Users/aluno/Downloads/Ramses/MUX32x8.bdf       ;         ;
; MUX2x1.bdf                       ; yes             ; User Block Diagram/Schematic File        ; C:/Users/aluno/Downloads/Ramses/MUX2x1.bdf        ;         ;
; MUX16x8.bdf                      ; yes             ; User Block Diagram/Schematic File        ; C:/Users/aluno/Downloads/Ramses/MUX16x8.bdf       ;         ;
; HA.bdf                           ; yes             ; User Block Diagram/Schematic File        ; C:/Users/aluno/Downloads/Ramses/HA.bdf            ;         ;
; FFJK.bdf                         ; yes             ; User Block Diagram/Schematic File        ; C:/Users/aluno/Downloads/Ramses/FFJK.bdf          ;         ;
; FFD.bdf                          ; yes             ; User Block Diagram/Schematic File        ; C:/Users/aluno/Downloads/Ramses/FFD.bdf           ;         ;
; FA.bdf                           ; yes             ; User Block Diagram/Schematic File        ; C:/Users/aluno/Downloads/Ramses/FA.bdf            ;         ;
; extend8.bdf                      ; yes             ; User Block Diagram/Schematic File        ; C:/Users/aluno/Downloads/Ramses/extend8.bdf       ;         ;
; Decod4x16.bdf                    ; yes             ; User Block Diagram/Schematic File        ; C:/Users/aluno/Downloads/Ramses/Decod4x16.bdf     ;         ;
; Counter8.bdf                     ; yes             ; User Block Diagram/Schematic File        ; C:/Users/aluno/Downloads/Ramses/Counter8.bdf      ;         ;
; AND2x8.bdf                       ; yes             ; User Block Diagram/Schematic File        ; C:/Users/aluno/Downloads/Ramses/AND2x8.bdf        ;         ;
; ALU.bdf                          ; yes             ; User Block Diagram/Schematic File        ; C:/Users/aluno/Downloads/Ramses/ALU.bdf           ;         ;
; 7SEG.bdf                         ; yes             ; User Block Diagram/Schematic File        ; C:/Users/aluno/Downloads/Ramses/7SEG.bdf          ;         ;
; Ramses.bdf                       ; yes             ; User Block Diagram/Schematic File        ; C:/Users/aluno/Downloads/Ramses/Ramses.bdf        ;         ;
; Mem_Asteroide.vhd                ; yes             ; User VHDL File                           ; C:/Users/aluno/Downloads/Ramses/Mem_Asteroide.vhd ;         ;
; decod2x4.bdf                     ; yes             ; Auto-Found Block Diagram/Schematic File  ; C:/Users/aluno/Downloads/Ramses/decod2x4.bdf      ;         ;
+----------------------------------+-----------------+------------------------------------------+---------------------------------------------------+---------+


+---------------------------------------------------------+
; Analysis & Synthesis Resource Usage Summary             ;
+---------------------------------------------+-----------+
; Resource                                    ; Usage     ;
+---------------------------------------------+-----------+
; Estimated Total logic elements              ; 4,292     ;
;                                             ;           ;
; Total combinational functions               ; 3866      ;
; Logic element usage by number of LUT inputs ;           ;
;     -- 4 input functions                    ; 1848      ;
;     -- 3 input functions                    ; 383       ;
;     -- <=2 input functions                  ; 1635      ;
;                                             ;           ;
; Logic elements by mode                      ;           ;
;     -- normal mode                          ; 3866      ;
;     -- arithmetic mode                      ; 0         ;
;                                             ;           ;
; Total registers                             ; 2048      ;
;     -- Dedicated logic registers            ; 2048      ;
;     -- I/O registers                        ; 0         ;
;                                             ;           ;
; I/O pins                                    ; 23        ;
; Embedded Multiplier 9-bit elements          ; 0         ;
; Maximum fan-out node                        ; clr~input ;
; Maximum fan-out                             ; 2226      ;
; Total fan-out                               ; 18429     ;
; Average fan-out                             ; 3.09      ;
+---------------------------------------------+-----------+


+---------------------------------------------------------------------------------------------------------------------------------------------------------------------------------------------------------------------+
; Analysis & Synthesis Resource Utilization by Entity                                                                                                                                                                 ;
+----------------------------+-------------------+--------------+-------------+--------------+---------+-----------+------+--------------+-------------------------------------------------------------+--------------+
; Compilation Hierarchy Node ; LC Combinationals ; LC Registers ; Memory Bits ; DSP Elements ; DSP 9x9 ; DSP 18x18 ; Pins ; Virtual Pins ; Full Hierarchy Name                                         ; Library Name ;
+----------------------------+-------------------+--------------+-------------+--------------+---------+-----------+------+--------------+-------------------------------------------------------------+--------------+
; |Ramses                    ; 3866 (7)          ; 2048 (0)     ; 0           ; 0            ; 0       ; 0         ; 23   ; 0            ; |Ramses                                                     ; work         ;
;    |7SEG:inst4|            ; 7 (7)             ; 0 (0)        ; 0           ; 0            ; 0       ; 0         ; 0    ; 0            ; |Ramses|7SEG:inst4                                          ; work         ;
;    |7SEG:inst6|            ; 7 (7)             ; 0 (0)        ; 0           ; 0            ; 0       ; 0         ; 0    ; 0            ; |Ramses|7SEG:inst6                                          ; work         ;
;    |ALU:ULA|               ; 52 (4)            ; 0 (0)        ; 0           ; 0            ; 0       ; 0         ; 0    ; 0            ; |Ramses|ALU:ULA                                             ; work         ;
;       |AND2x8:inst8|       ; 8 (8)             ; 0 (0)        ; 0           ; 0            ; 0       ; 0         ; 0    ; 0            ; |Ramses|ALU:ULA|AND2x8:inst8                                ; work         ;
;       |MUX32x8:inst15|     ; 17 (0)            ; 0 (0)        ; 0           ; 0            ; 0       ; 0         ; 0    ; 0            ; |Ramses|ALU:ULA|MUX32x8:inst15                              ; work         ;
;          |MUX16x8:inst3|   ; 17 (0)            ; 0 (0)        ; 0           ; 0            ; 0       ; 0         ; 0    ; 0            ; |Ramses|ALU:ULA|MUX32x8:inst15|MUX16x8:inst3                ; work         ;
;             |MUX2x1:inst1| ; 2 (2)             ; 0 (0)        ; 0           ; 0            ; 0       ; 0         ; 0    ; 0            ; |Ramses|ALU:ULA|MUX32x8:inst15|MUX16x8:inst3|MUX2x1:inst1   ; work         ;
;             |MUX2x1:inst2| ; 2 (2)             ; 0 (0)        ; 0           ; 0            ; 0       ; 0         ; 0    ; 0            ; |Ramses|ALU:ULA|MUX32x8:inst15|MUX16x8:inst3|MUX2x1:inst2   ; work         ;
;             |MUX2x1:inst3| ; 2 (2)             ; 0 (0)        ; 0           ; 0            ; 0       ; 0         ; 0    ; 0            ; |Ramses|ALU:ULA|MUX32x8:inst15|MUX16x8:inst3|MUX2x1:inst3   ; work         ;
;             |MUX2x1:inst4| ; 2 (2)             ; 0 (0)        ; 0           ; 0            ; 0       ; 0         ; 0    ; 0            ; |Ramses|ALU:ULA|MUX32x8:inst15|MUX16x8:inst3|MUX2x1:inst4   ; work         ;
;             |MUX2x1:inst5| ; 2 (2)             ; 0 (0)        ; 0           ; 0            ; 0       ; 0         ; 0    ; 0            ; |Ramses|ALU:ULA|MUX32x8:inst15|MUX16x8:inst3|MUX2x1:inst5   ; work         ;
;             |MUX2x1:inst6| ; 2 (2)             ; 0 (0)        ; 0           ; 0            ; 0       ; 0         ; 0    ; 0            ; |Ramses|ALU:ULA|MUX32x8:inst15|MUX16x8:inst3|MUX2x1:inst6   ; work         ;
;             |MUX2x1:inst7| ; 3 (3)             ; 0 (0)        ; 0           ; 0            ; 0       ; 0         ; 0    ; 0            ; |Ramses|ALU:ULA|MUX32x8:inst15|MUX16x8:inst3|MUX2x1:inst7   ; work         ;
;             |MUX2x1:inst|  ; 2 (2)             ; 0 (0)        ; 0           ; 0            ; 0       ; 0         ; 0    ; 0            ; |Ramses|ALU:ULA|MUX32x8:inst15|MUX16x8:inst3|MUX2x1:inst    ; work         ;
;       |RCA8:inst11|        ; 16 (0)            ; 0 (0)        ; 0           ; 0            ; 0       ; 0         ; 0    ; 0            ; |Ramses|ALU:ULA|RCA8:inst11                                 ; work         ;
;          |RCA4:inst2|      ; 8 (0)             ; 0 (0)        ; 0           ; 0            ; 0       ; 0         ; 0    ; 0            ; |Ramses|ALU:ULA|RCA8:inst11|RCA4:inst2                      ; work         ;
;             |FA:inst000|   ; 2 (1)             ; 0 (0)        ; 0           ; 0            ; 0       ; 0         ; 0    ; 0            ; |Ramses|ALU:ULA|RCA8:inst11|RCA4:inst2|FA:inst000           ; work         ;
;                |HA:inst01| ; 1 (1)             ; 0 (0)        ; 0           ; 0            ; 0       ; 0         ; 0    ; 0            ; |Ramses|ALU:ULA|RCA8:inst11|RCA4:inst2|FA:inst000|HA:inst01 ; work         ;
;             |FA:inst001|   ; 2 (1)             ; 0 (0)        ; 0           ; 0            ; 0       ; 0         ; 0    ; 0            ; |Ramses|ALU:ULA|RCA8:inst11|RCA4:inst2|FA:inst001           ; work         ;
;                |HA:inst01| ; 1 (1)             ; 0 (0)        ; 0           ; 0            ; 0       ; 0         ; 0    ; 0            ; |Ramses|ALU:ULA|RCA8:inst11|RCA4:inst2|FA:inst001|HA:inst01 ; work         ;
;             |FA:inst002|   ; 2 (1)             ; 0 (0)        ; 0           ; 0            ; 0       ; 0         ; 0    ; 0            ; |Ramses|ALU:ULA|RCA8:inst11|RCA4:inst2|FA:inst002           ; work         ;
;                |HA:inst01| ; 1 (1)             ; 0 (0)        ; 0           ; 0            ; 0       ; 0         ; 0    ; 0            ; |Ramses|ALU:ULA|RCA8:inst11|RCA4:inst2|FA:inst002|HA:inst01 ; work         ;
;             |FA:inst003|   ; 2 (1)             ; 0 (0)        ; 0           ; 0            ; 0       ; 0         ; 0    ; 0            ; |Ramses|ALU:ULA|RCA8:inst11|RCA4:inst2|FA:inst003           ; work         ;
;                |HA:inst01| ; 1 (1)             ; 0 (0)        ; 0           ; 0            ; 0       ; 0         ; 0    ; 0            ; |Ramses|ALU:ULA|RCA8:inst11|RCA4:inst2|FA:inst003|HA:inst01 ; work         ;
;          |RCA4:inst|       ; 8 (0)             ; 0 (0)        ; 0           ; 0            ; 0       ; 0         ; 0    ; 0            ; |Ramses|ALU:ULA|RCA8:inst11|RCA4:inst                       ; work         ;
;             |FA:inst000|   ; 2 (1)             ; 0 (0)        ; 0           ; 0            ; 0       ; 0         ; 0    ; 0            ; |Ramses|ALU:ULA|RCA8:inst11|RCA4:inst|FA:inst000            ; work         ;
;                |HA:inst01| ; 1 (1)             ; 0 (0)        ; 0           ; 0            ; 0       ; 0         ; 0    ; 0            ; |Ramses|ALU:ULA|RCA8:inst11|RCA4:inst|FA:inst000|HA:inst01  ; work         ;
;             |FA:inst001|   ; 2 (1)             ; 0 (0)        ; 0           ; 0            ; 0       ; 0         ; 0    ; 0            ; |Ramses|ALU:ULA|RCA8:inst11|RCA4:inst|FA:inst001            ; work         ;
;                |HA:inst01| ; 1 (1)             ; 0 (0)        ; 0           ; 0            ; 0       ; 0         ; 0    ; 0            ; |Ramses|ALU:ULA|RCA8:inst11|RCA4:inst|FA:inst001|HA:inst01  ; work         ;
;             |FA:inst002|   ; 2 (1)             ; 0 (0)        ; 0           ; 0            ; 0       ; 0         ; 0    ; 0            ; |Ramses|ALU:ULA|RCA8:inst11|RCA4:inst|FA:inst002            ; work         ;
;                |HA:inst01| ; 1 (1)             ; 0 (0)        ; 0           ; 0            ; 0       ; 0         ; 0    ; 0            ; |Ramses|ALU:ULA|RCA8:inst11|RCA4:inst|FA:inst002|HA:inst01  ; work         ;
;             |FA:inst003|   ; 2 (1)             ; 0 (0)        ; 0           ; 0            ; 0       ; 0         ; 0    ; 0            ; |Ramses|ALU:ULA|RCA8:inst11|RCA4:inst|FA:inst003            ; work         ;
;                |HA:inst01| ; 1 (1)             ; 0 (0)        ; 0           ; 0            ; 0       ; 0         ; 0    ; 0            ; |Ramses|ALU:ULA|RCA8:inst11|RCA4:inst|FA:inst003|HA:inst01  ; work         ;
;       |XOR2x8:inst9|       ; 7 (7)             ; 0 (0)        ; 0           ; 0            ; 0       ; 0         ; 0    ; 0            ; |Ramses|ALU:ULA|XOR2x8:inst9                                ; work         ;
;    |Controle:inst2|        ; 72 (53)           ; 0 (0)        ; 0           ; 0            ; 0       ; 0         ; 0    ; 0            ; |Ramses|Controle:inst2                                      ; work         ;
;       |Decod2x4:ModoEnd|   ; 1 (1)             ; 0 (0)        ; 0           ; 0            ; 0       ; 0         ; 0    ; 0            ; |Ramses|Controle:inst2|Decod2x4:ModoEnd                     ; work         ;
;       |Decod2x4:Registr|   ; 1 (1)             ; 0 (0)        ; 0           ; 0            ; 0       ; 0         ; 0    ; 0            ; |Ramses|Controle:inst2|Decod2x4:Registr                     ; work         ;
;       |Decod4x16:OpCode2|  ; 9 (9)             ; 0 (0)        ; 0           ; 0            ; 0       ; 0         ; 0    ; 0            ; |Ramses|Controle:inst2|Decod4x16:OpCode2                    ; work         ;
;       |Decod4x16:OpCode|   ; 8 (8)             ; 0 (0)        ; 0           ; 0            ; 0       ; 0         ; 0    ; 0            ; |Ramses|Controle:inst2|Decod4x16:OpCode                     ; work         ;
;    |Counter8:Counter1|     ; 40 (3)            ; 0 (0)        ; 0           ; 0            ; 0       ; 0         ; 0    ; 0            ; |Ramses|Counter8:Counter1                                   ; work         ;
;       |FFJK:inst0|         ; 5 (5)             ; 0 (0)        ; 0           ; 0            ; 0       ; 0         ; 0    ; 0            ; |Ramses|Counter8:Counter1|FFJK:inst0                        ; work         ;
;       |FFJK:inst1|         ; 4 (4)             ; 0 (0)        ; 0           ; 0            ; 0       ; 0         ; 0    ; 0            ; |Ramses|Counter8:Counter1|FFJK:inst1                        ; work         ;
;       |FFJK:inst2|         ; 5 (5)             ; 0 (0)        ; 0           ; 0            ; 0       ; 0         ; 0    ; 0            ; |Ramses|Counter8:Counter1|FFJK:inst2                        ; work         ;
;       |FFJK:inst3|         ; 5 (5)             ; 0 (0)        ; 0           ; 0            ; 0       ; 0         ; 0    ; 0            ; |Ramses|Counter8:Counter1|FFJK:inst3                        ; work         ;
;       |FFJK:inst4|         ; 4 (4)             ; 0 (0)        ; 0           ; 0            ; 0       ; 0         ; 0    ; 0            ; |Ramses|Counter8:Counter1|FFJK:inst4                        ; work         ;
;       |FFJK:inst5|         ; 5 (5)             ; 0 (0)        ; 0           ; 0            ; 0       ; 0         ; 0    ; 0            ; |Ramses|Counter8:Counter1|FFJK:inst5                        ; work         ;
;       |FFJK:inst6|         ; 5 (5)             ; 0 (0)        ; 0           ; 0            ; 0       ; 0         ; 0    ; 0            ; |Ramses|Counter8:Counter1|FFJK:inst6                        ; work         ;
;       |FFJK:inst7|         ; 4 (4)             ; 0 (0)        ; 0           ; 0            ; 0       ; 0         ; 0    ; 0            ; |Ramses|Counter8:Counter1|FFJK:inst7                        ; work         ;
;    |Counter8:Counter2|     ; 39 (6)            ; 0 (0)        ; 0           ; 0            ; 0       ; 0         ; 0    ; 0            ; |Ramses|Counter8:Counter2                                   ; work         ;
;       |FFJK:inst0|         ; 4 (4)             ; 0 (0)        ; 0           ; 0            ; 0       ; 0         ; 0    ; 0            ; |Ramses|Counter8:Counter2|FFJK:inst0                        ; work         ;
;       |FFJK:inst1|         ; 4 (4)             ; 0 (0)        ; 0           ; 0            ; 0       ; 0         ; 0    ; 0            ; |Ramses|Counter8:Counter2|FFJK:inst1                        ; work         ;
;       |FFJK:inst2|         ; 4 (4)             ; 0 (0)        ; 0           ; 0            ; 0       ; 0         ; 0    ; 0            ; |Ramses|Counter8:Counter2|FFJK:inst2                        ; work         ;
;       |FFJK:inst3|         ; 4 (4)             ; 0 (0)        ; 0           ; 0            ; 0       ; 0         ; 0    ; 0            ; |Ramses|Counter8:Counter2|FFJK:inst3                        ; work         ;
;       |FFJK:inst4|         ; 4 (4)             ; 0 (0)        ; 0           ; 0            ; 0       ; 0         ; 0    ; 0            ; |Ramses|Counter8:Counter2|FFJK:inst4                        ; work         ;
;       |FFJK:inst5|         ; 4 (4)             ; 0 (0)        ; 0           ; 0            ; 0       ; 0         ; 0    ; 0            ; |Ramses|Counter8:Counter2|FFJK:inst5                        ; work         ;
;       |FFJK:inst6|         ; 4 (4)             ; 0 (0)        ; 0           ; 0            ; 0       ; 0         ; 0    ; 0            ; |Ramses|Counter8:Counter2|FFJK:inst6                        ; work         ;
;       |FFJK:inst7|         ; 5 (5)             ; 0 (0)        ; 0           ; 0            ; 0       ; 0         ; 0    ; 0            ; |Ramses|Counter8:Counter2|FFJK:inst7                        ; work         ;
;    |Counter8:Counter|      ; 43 (1)            ; 0 (0)        ; 0           ; 0            ; 0       ; 0         ; 0    ; 0            ; |Ramses|Counter8:Counter                                    ; work         ;
;       |FFJK:inst0|         ; 4 (4)             ; 0 (0)        ; 0           ; 0            ; 0       ; 0         ; 0    ; 0            ; |Ramses|Counter8:Counter|FFJK:inst0                         ; work         ;
;       |FFJK:inst1|         ; 4 (4)             ; 0 (0)        ; 0           ; 0            ; 0       ; 0         ; 0    ; 0            ; |Ramses|Counter8:Counter|FFJK:inst1                         ; work         ;
;       |FFJK:inst2|         ; 5 (5)             ; 0 (0)        ; 0           ; 0            ; 0       ; 0         ; 0    ; 0            ; |Ramses|Counter8:Counter|FFJK:inst2                         ; work         ;
;       |FFJK:inst3|         ; 4 (4)             ; 0 (0)        ; 0           ; 0            ; 0       ; 0         ; 0    ; 0            ; |Ramses|Counter8:Counter|FFJK:inst3                         ; work         ;
;       |FFJK:inst4|         ; 4 (4)             ; 0 (0)        ; 0           ; 0            ; 0       ; 0         ; 0    ; 0            ; |Ramses|Counter8:Counter|FFJK:inst4                         ; work         ;
;       |FFJK:inst5|         ; 5 (5)             ; 0 (0)        ; 0           ; 0            ; 0       ; 0         ; 0    ; 0            ; |Ramses|Counter8:Counter|FFJK:inst5                         ; work         ;
;       |FFJK:inst6|         ; 4 (4)             ; 0 (0)        ; 0           ; 0            ; 0       ; 0         ; 0    ; 0            ; |Ramses|Counter8:Counter|FFJK:inst6                         ; work         ;
;       |FFJK:inst7|         ; 12 (12)           ; 0 (0)        ; 0           ; 0            ; 0       ; 0         ; 0    ; 0            ; |Ramses|Counter8:Counter|FFJK:inst7                         ; work         ;
;    |FFD:FlagC|             ; 6 (6)             ; 0 (0)        ; 0           ; 0            ; 0       ; 0         ; 0    ; 0            ; |Ramses|FFD:FlagC                                           ; work         ;
;    |FFD:FlagN|             ; 6 (6)             ; 0 (0)        ; 0           ; 0            ; 0       ; 0         ; 0    ; 0            ; |Ramses|FFD:FlagN                                           ; work         ;
;    |FFD:FlagZ|             ; 7 (7)             ; 0 (0)        ; 0           ; 0            ; 0       ; 0         ; 0    ; 0            ; |Ramses|FFD:FlagZ                                           ; work         ;
;    |MUX16x8:inst11|        ; 40 (0)            ; 0 (0)        ; 0           ; 0            ; 0       ; 0         ; 0    ; 0            ; |Ramses|MUX16x8:inst11                                      ; work         ;
;       |MUX2x1:inst1|       ; 5 (5)             ; 0 (0)        ; 0           ; 0            ; 0       ; 0         ; 0    ; 0            ; |Ramses|MUX16x8:inst11|MUX2x1:inst1                         ; work         ;
;       |MUX2x1:inst2|       ; 5 (5)             ; 0 (0)        ; 0           ; 0            ; 0       ; 0         ; 0    ; 0            ; |Ramses|MUX16x8:inst11|MUX2x1:inst2                         ; work         ;
;       |MUX2x1:inst3|       ; 5 (5)             ; 0 (0)        ; 0           ; 0            ; 0       ; 0         ; 0    ; 0            ; |Ramses|MUX16x8:inst11|MUX2x1:inst3                         ; work         ;
;       |MUX2x1:inst4|       ; 5 (5)             ; 0 (0)        ; 0           ; 0            ; 0       ; 0         ; 0    ; 0            ; |Ramses|MUX16x8:inst11|MUX2x1:inst4                         ; work         ;
;       |MUX2x1:inst5|       ; 5 (5)             ; 0 (0)        ; 0           ; 0            ; 0       ; 0         ; 0    ; 0            ; |Ramses|MUX16x8:inst11|MUX2x1:inst5                         ; work         ;
;       |MUX2x1:inst6|       ; 5 (5)             ; 0 (0)        ; 0           ; 0            ; 0       ; 0         ; 0    ; 0            ; |Ramses|MUX16x8:inst11|MUX2x1:inst6                         ; work         ;
;       |MUX2x1:inst7|       ; 5 (5)             ; 0 (0)        ; 0           ; 0            ; 0       ; 0         ; 0    ; 0            ; |Ramses|MUX16x8:inst11|MUX2x1:inst7                         ; work         ;
;       |MUX2x1:inst|        ; 5 (5)             ; 0 (0)        ; 0           ; 0            ; 0       ; 0         ; 0    ; 0            ; |Ramses|MUX16x8:inst11|MUX2x1:inst                          ; work         ;
;    |MUX32x8:MUXs1s0|       ; 16 (0)            ; 0 (0)        ; 0           ; 0            ; 0       ; 0         ; 0    ; 0            ; |Ramses|MUX32x8:MUXs1s0                                     ; work         ;
;       |MUX16x8:inst3|      ; 16 (0)            ; 0 (0)        ; 0           ; 0            ; 0       ; 0         ; 0    ; 0            ; |Ramses|MUX32x8:MUXs1s0|MUX16x8:inst3                       ; work         ;
;          |MUX2x1:inst1|    ; 2 (2)             ; 0 (0)        ; 0           ; 0            ; 0       ; 0         ; 0    ; 0            ; |Ramses|MUX32x8:MUXs1s0|MUX16x8:inst3|MUX2x1:inst1          ; work         ;
;          |MUX2x1:inst2|    ; 2 (2)             ; 0 (0)        ; 0           ; 0            ; 0       ; 0         ; 0    ; 0            ; |Ramses|MUX32x8:MUXs1s0|MUX16x8:inst3|MUX2x1:inst2          ; work         ;
;          |MUX2x1:inst3|    ; 2 (2)             ; 0 (0)        ; 0           ; 0            ; 0       ; 0         ; 0    ; 0            ; |Ramses|MUX32x8:MUXs1s0|MUX16x8:inst3|MUX2x1:inst3          ; work         ;
;          |MUX2x1:inst4|    ; 2 (2)             ; 0 (0)        ; 0           ; 0            ; 0       ; 0         ; 0    ; 0            ; |Ramses|MUX32x8:MUXs1s0|MUX16x8:inst3|MUX2x1:inst4          ; work         ;
;          |MUX2x1:inst5|    ; 2 (2)             ; 0 (0)        ; 0           ; 0            ; 0       ; 0         ; 0    ; 0            ; |Ramses|MUX32x8:MUXs1s0|MUX16x8:inst3|MUX2x1:inst5          ; work         ;
;          |MUX2x1:inst6|    ; 2 (2)             ; 0 (0)        ; 0           ; 0            ; 0       ; 0         ; 0    ; 0            ; |Ramses|MUX32x8:MUXs1s0|MUX16x8:inst3|MUX2x1:inst6          ; work         ;
;          |MUX2x1:inst7|    ; 2 (2)             ; 0 (0)        ; 0           ; 0            ; 0       ; 0         ; 0    ; 0            ; |Ramses|MUX32x8:MUXs1s0|MUX16x8:inst3|MUX2x1:inst7          ; work         ;
;          |MUX2x1:inst|     ; 2 (2)             ; 0 (0)        ; 0           ; 0            ; 0       ; 0         ; 0    ; 0            ; |Ramses|MUX32x8:MUXs1s0|MUX16x8:inst3|MUX2x1:inst           ; work         ;
;    |Mem_Asteroide:inst|    ; 3254 (3254)       ; 2048 (2048)  ; 0           ; 0            ; 0       ; 0         ; 0    ; 0            ; |Ramses|Mem_Asteroide:inst                                  ; work         ;
;    |PC:ProgCounter|        ; 61 (2)            ; 0 (0)        ; 0           ; 0            ; 0       ; 0         ; 0    ; 0            ; |Ramses|PC:ProgCounter                                      ; work         ;
;       |FFJK:inst0|         ; 6 (6)             ; 0 (0)        ; 0           ; 0            ; 0       ; 0         ; 0    ; 0            ; |Ramses|PC:ProgCounter|FFJK:inst0                           ; work         ;
;       |FFJK:inst1|         ; 7 (7)             ; 0 (0)        ; 0           ; 0            ; 0       ; 0         ; 0    ; 0            ; |Ramses|PC:ProgCounter|FFJK:inst1                           ; work         ;
;       |FFJK:inst2|         ; 7 (7)             ; 0 (0)        ; 0           ; 0            ; 0       ; 0         ; 0    ; 0            ; |Ramses|PC:ProgCounter|FFJK:inst2                           ; work         ;
;       |FFJK:inst3|         ; 7 (7)             ; 0 (0)        ; 0           ; 0            ; 0       ; 0         ; 0    ; 0            ; |Ramses|PC:ProgCounter|FFJK:inst3                           ; work         ;
;       |FFJK:inst4|         ; 7 (7)             ; 0 (0)        ; 0           ; 0            ; 0       ; 0         ; 0    ; 0            ; |Ramses|PC:ProgCounter|FFJK:inst4                           ; work         ;
;       |FFJK:inst5|         ; 7 (7)             ; 0 (0)        ; 0           ; 0            ; 0       ; 0         ; 0    ; 0            ; |Ramses|PC:ProgCounter|FFJK:inst5                           ; work         ;
;       |FFJK:inst6|         ; 8 (8)             ; 0 (0)        ; 0           ; 0            ; 0       ; 0         ; 0    ; 0            ; |Ramses|PC:ProgCounter|FFJK:inst6                           ; work         ;
;       |FFJK:inst7|         ; 8 (8)             ; 0 (0)        ; 0           ; 0            ; 0       ; 0         ; 0    ; 0            ; |Ramses|PC:ProgCounter|FFJK:inst7                           ; work         ;
;       |MUX2x1:inst13|      ; 1 (1)             ; 0 (0)        ; 0           ; 0            ; 0       ; 0         ; 0    ; 0            ; |Ramses|PC:ProgCounter|MUX2x1:inst13                        ; work         ;
;       |MUX2x1:inst15|      ; 1 (1)             ; 0 (0)        ; 0           ; 0            ; 0       ; 0         ; 0    ; 0            ; |Ramses|PC:ProgCounter|MUX2x1:inst15                        ; work         ;
;    |REG8:RegA|             ; 34 (0)            ; 0 (0)        ; 0           ; 0            ; 0       ; 0         ; 0    ; 0            ; |Ramses|REG8:RegA                                           ; work         ;
;       |FFD:inst0|          ; 4 (4)             ; 0 (0)        ; 0           ; 0            ; 0       ; 0         ; 0    ; 0            ; |Ramses|REG8:RegA|FFD:inst0                                 ; work         ;
;       |FFD:inst1|          ; 4 (4)             ; 0 (0)        ; 0           ; 0            ; 0       ; 0         ; 0    ; 0            ; |Ramses|REG8:RegA|FFD:inst1                                 ; work         ;
;       |FFD:inst2|          ; 4 (4)             ; 0 (0)        ; 0           ; 0            ; 0       ; 0         ; 0    ; 0            ; |Ramses|REG8:RegA|FFD:inst2                                 ; work         ;
;       |FFD:inst3|          ; 4 (4)             ; 0 (0)        ; 0           ; 0            ; 0       ; 0         ; 0    ; 0            ; |Ramses|REG8:RegA|FFD:inst3                                 ; work         ;
;       |FFD:inst4|          ; 4 (4)             ; 0 (0)        ; 0           ; 0            ; 0       ; 0         ; 0    ; 0            ; |Ramses|REG8:RegA|FFD:inst4                                 ; work         ;
;       |FFD:inst5|          ; 4 (4)             ; 0 (0)        ; 0           ; 0            ; 0       ; 0         ; 0    ; 0            ; |Ramses|REG8:RegA|FFD:inst5                                 ; work         ;
;       |FFD:inst6|          ; 5 (5)             ; 0 (0)        ; 0           ; 0            ; 0       ; 0         ; 0    ; 0            ; |Ramses|REG8:RegA|FFD:inst6                                 ; work         ;
;       |FFD:inst7|          ; 5 (5)             ; 0 (0)        ; 0           ; 0            ; 0       ; 0         ; 0    ; 0            ; |Ramses|REG8:RegA|FFD:inst7                                 ; work         ;
;    |REG8:RegB|             ; 34 (0)            ; 0 (0)        ; 0           ; 0            ; 0       ; 0         ; 0    ; 0            ; |Ramses|REG8:RegB                                           ; work         ;
;       |FFD:inst0|          ; 4 (4)             ; 0 (0)        ; 0           ; 0            ; 0       ; 0         ; 0    ; 0            ; |Ramses|REG8:RegB|FFD:inst0                                 ; work         ;
;       |FFD:inst1|          ; 4 (4)             ; 0 (0)        ; 0           ; 0            ; 0       ; 0         ; 0    ; 0            ; |Ramses|REG8:RegB|FFD:inst1                                 ; work         ;
;       |FFD:inst2|          ; 4 (4)             ; 0 (0)        ; 0           ; 0            ; 0       ; 0         ; 0    ; 0            ; |Ramses|REG8:RegB|FFD:inst2                                 ; work         ;
;       |FFD:inst3|          ; 4 (4)             ; 0 (0)        ; 0           ; 0            ; 0       ; 0         ; 0    ; 0            ; |Ramses|REG8:RegB|FFD:inst3                                 ; work         ;
;       |FFD:inst4|          ; 4 (4)             ; 0 (0)        ; 0           ; 0            ; 0       ; 0         ; 0    ; 0            ; |Ramses|REG8:RegB|FFD:inst4                                 ; work         ;
;       |FFD:inst5|          ; 4 (4)             ; 0 (0)        ; 0           ; 0            ; 0       ; 0         ; 0    ; 0            ; |Ramses|REG8:RegB|FFD:inst5                                 ; work         ;
;       |FFD:inst6|          ; 5 (5)             ; 0 (0)        ; 0           ; 0            ; 0       ; 0         ; 0    ; 0            ; |Ramses|REG8:RegB|FFD:inst6                                 ; work         ;
;       |FFD:inst7|          ; 5 (5)             ; 0 (0)        ; 0           ; 0            ; 0       ; 0         ; 0    ; 0            ; |Ramses|REG8:RegB|FFD:inst7                                 ; work         ;
;    |REG8:RegDM|            ; 32 (0)            ; 0 (0)        ; 0           ; 0            ; 0       ; 0         ; 0    ; 0            ; |Ramses|REG8:RegDM                                          ; work         ;
;       |FFD:inst0|          ; 4 (4)             ; 0 (0)        ; 0           ; 0            ; 0       ; 0         ; 0    ; 0            ; |Ramses|REG8:RegDM|FFD:inst0                                ; work         ;
;       |FFD:inst1|          ; 4 (4)             ; 0 (0)        ; 0           ; 0            ; 0       ; 0         ; 0    ; 0            ; |Ramses|REG8:RegDM|FFD:inst1                                ; work         ;
;       |FFD:inst2|          ; 4 (4)             ; 0 (0)        ; 0           ; 0            ; 0       ; 0         ; 0    ; 0            ; |Ramses|REG8:RegDM|FFD:inst2                                ; work         ;
;       |FFD:inst3|          ; 4 (4)             ; 0 (0)        ; 0           ; 0            ; 0       ; 0         ; 0    ; 0            ; |Ramses|REG8:RegDM|FFD:inst3                                ; work         ;
;       |FFD:inst4|          ; 4 (4)             ; 0 (0)        ; 0           ; 0            ; 0       ; 0         ; 0    ; 0            ; |Ramses|REG8:RegDM|FFD:inst4                                ; work         ;
;       |FFD:inst5|          ; 4 (4)             ; 0 (0)        ; 0           ; 0            ; 0       ; 0         ; 0    ; 0            ; |Ramses|REG8:RegDM|FFD:inst5                                ; work         ;
;       |FFD:inst6|          ; 4 (4)             ; 0 (0)        ; 0           ; 0            ; 0       ; 0         ; 0    ; 0            ; |Ramses|REG8:RegDM|FFD:inst6                                ; work         ;
;       |FFD:inst7|          ; 4 (4)             ; 0 (0)        ; 0           ; 0            ; 0       ; 0         ; 0    ; 0            ; |Ramses|REG8:RegDM|FFD:inst7                                ; work         ;
;    |REG8:RegEM|            ; 42 (0)            ; 0 (0)        ; 0           ; 0            ; 0       ; 0         ; 0    ; 0            ; |Ramses|REG8:RegEM                                          ; work         ;
;       |FFD:inst0|          ; 5 (5)             ; 0 (0)        ; 0           ; 0            ; 0       ; 0         ; 0    ; 0            ; |Ramses|REG8:RegEM|FFD:inst0                                ; work         ;
;       |FFD:inst1|          ; 5 (5)             ; 0 (0)        ; 0           ; 0            ; 0       ; 0         ; 0    ; 0            ; |Ramses|REG8:RegEM|FFD:inst1                                ; work         ;
;       |FFD:inst2|          ; 5 (5)             ; 0 (0)        ; 0           ; 0            ; 0       ; 0         ; 0    ; 0            ; |Ramses|REG8:RegEM|FFD:inst2                                ; work         ;
;       |FFD:inst3|          ; 5 (5)             ; 0 (0)        ; 0           ; 0            ; 0       ; 0         ; 0    ; 0            ; |Ramses|REG8:RegEM|FFD:inst3                                ; work         ;
;       |FFD:inst4|          ; 5 (5)             ; 0 (0)        ; 0           ; 0            ; 0       ; 0         ; 0    ; 0            ; |Ramses|REG8:RegEM|FFD:inst4                                ; work         ;
;       |FFD:inst5|          ; 5 (5)             ; 0 (0)        ; 0           ; 0            ; 0       ; 0         ; 0    ; 0            ; |Ramses|REG8:RegEM|FFD:inst5                                ; work         ;
;       |FFD:inst6|          ; 6 (6)             ; 0 (0)        ; 0           ; 0            ; 0       ; 0         ; 0    ; 0            ; |Ramses|REG8:RegEM|FFD:inst6                                ; work         ;
;       |FFD:inst7|          ; 6 (6)             ; 0 (0)        ; 0           ; 0            ; 0       ; 0         ; 0    ; 0            ; |Ramses|REG8:RegEM|FFD:inst7                                ; work         ;
;    |REG8:RegInstr|         ; 32 (0)            ; 0 (0)        ; 0           ; 0            ; 0       ; 0         ; 0    ; 0            ; |Ramses|REG8:RegInstr                                       ; work         ;
;       |FFD:inst0|          ; 4 (4)             ; 0 (0)        ; 0           ; 0            ; 0       ; 0         ; 0    ; 0            ; |Ramses|REG8:RegInstr|FFD:inst0                             ; work         ;
;       |FFD:inst1|          ; 4 (4)             ; 0 (0)        ; 0           ; 0            ; 0       ; 0         ; 0    ; 0            ; |Ramses|REG8:RegInstr|FFD:inst1                             ; work         ;
;       |FFD:inst2|          ; 4 (4)             ; 0 (0)        ; 0           ; 0            ; 0       ; 0         ; 0    ; 0            ; |Ramses|REG8:RegInstr|FFD:inst2                             ; work         ;
;       |FFD:inst3|          ; 4 (4)             ; 0 (0)        ; 0           ; 0            ; 0       ; 0         ; 0    ; 0            ; |Ramses|REG8:RegInstr|FFD:inst3                             ; work         ;
;       |FFD:inst4|          ; 4 (4)             ; 0 (0)        ; 0           ; 0            ; 0       ; 0         ; 0    ; 0            ; |Ramses|REG8:RegInstr|FFD:inst4                             ; work         ;
;       |FFD:inst5|          ; 4 (4)             ; 0 (0)        ; 0           ; 0            ; 0       ; 0         ; 0    ; 0            ; |Ramses|REG8:RegInstr|FFD:inst5                             ; work         ;
;       |FFD:inst6|          ; 4 (4)             ; 0 (0)        ; 0           ; 0            ; 0       ; 0         ; 0    ; 0            ; |Ramses|REG8:RegInstr|FFD:inst6                             ; work         ;
;       |FFD:inst7|          ; 4 (4)             ; 0 (0)        ; 0           ; 0            ; 0       ; 0         ; 0    ; 0            ; |Ramses|REG8:RegInstr|FFD:inst7                             ; work         ;
;    |REG8:RegX|             ; 35 (0)            ; 0 (0)        ; 0           ; 0            ; 0       ; 0         ; 0    ; 0            ; |Ramses|REG8:RegX                                           ; work         ;
;       |FFD:inst0|          ; 4 (4)             ; 0 (0)        ; 0           ; 0            ; 0       ; 0         ; 0    ; 0            ; |Ramses|REG8:RegX|FFD:inst0                                 ; work         ;
;       |FFD:inst1|          ; 4 (4)             ; 0 (0)        ; 0           ; 0            ; 0       ; 0         ; 0    ; 0            ; |Ramses|REG8:RegX|FFD:inst1                                 ; work         ;
;       |FFD:inst2|          ; 4 (4)             ; 0 (0)        ; 0           ; 0            ; 0       ; 0         ; 0    ; 0            ; |Ramses|REG8:RegX|FFD:inst2                                 ; work         ;
;       |FFD:inst3|          ; 4 (4)             ; 0 (0)        ; 0           ; 0            ; 0       ; 0         ; 0    ; 0            ; |Ramses|REG8:RegX|FFD:inst3                                 ; work         ;
;       |FFD:inst4|          ; 4 (4)             ; 0 (0)        ; 0           ; 0            ; 0       ; 0         ; 0    ; 0            ; |Ramses|REG8:RegX|FFD:inst4                                 ; work         ;
;       |FFD:inst5|          ; 4 (4)             ; 0 (0)        ; 0           ; 0            ; 0       ; 0         ; 0    ; 0            ; |Ramses|REG8:RegX|FFD:inst5                                 ; work         ;
;       |FFD:inst6|          ; 6 (6)             ; 0 (0)        ; 0           ; 0            ; 0       ; 0         ; 0    ; 0            ; |Ramses|REG8:RegX|FFD:inst6                                 ; work         ;
;       |FFD:inst7|          ; 5 (5)             ; 0 (0)        ; 0           ; 0            ; 0       ; 0         ; 0    ; 0            ; |Ramses|REG8:RegX|FFD:inst7                                 ; work         ;
+----------------------------+-------------------+--------------+-------------+--------------+---------+-----------+------+--------------+-------------------------------------------------------------+--------------+
Note: For table entries with two numbers listed, the numbers in parentheses indicate the number of resources of the given type used by the specific entity alone. The numbers listed outside of parentheses indicate the total resources of the given type used by the specific entity and all of its sub-entities in the hierarchy.


+--------------------------------------------------------------+
; Logic Cells Representing Combinational Loops                 ;
+--------------------------------------------------------+-----+
; Logic Cell Name                                        ;     ;
+--------------------------------------------------------+-----+
; FFD:FlagN|inst0~0                                      ;     ;
; FFD:FlagZ|inst0~0                                      ;     ;
; FFD:FlagC|inst0~0                                      ;     ;
; REG8:RegX|FFD:inst0|inst0~0                            ;     ;
; REG8:RegB|FFD:inst0|inst0~0                            ;     ;
; REG8:RegA|FFD:inst0|inst0~0                            ;     ;
; PC:ProgCounter|FFJK:inst0|inst0~0                      ;     ;
; REG8:RegEM|FFD:inst0|inst0~0                           ;     ;
; REG8:RegDM|FFD:inst0|inst0~0                           ;     ;
; REG8:RegInstr|FFD:inst0|inst0~0                        ;     ;
; Counter8:Counter2|FFJK:inst0|inst0~0                   ;     ;
; REG8:RegX|FFD:inst2|inst0~0                            ;     ;
; REG8:RegB|FFD:inst2|inst0~0                            ;     ;
; REG8:RegA|FFD:inst2|inst0~0                            ;     ;
; PC:ProgCounter|FFJK:inst2|inst0~0                      ;     ;
; REG8:RegEM|FFD:inst2|inst0~0                           ;     ;
; REG8:RegDM|FFD:inst2|inst0~0                           ;     ;
; REG8:RegInstr|FFD:inst2|inst0~0                        ;     ;
; Counter8:Counter2|FFJK:inst2|inst0~0                   ;     ;
; REG8:RegX|FFD:inst1|inst0~0                            ;     ;
; REG8:RegB|FFD:inst1|inst0~0                            ;     ;
; REG8:RegA|FFD:inst1|inst0~0                            ;     ;
; PC:ProgCounter|FFJK:inst1|inst0~0                      ;     ;
; REG8:RegEM|FFD:inst1|inst0~0                           ;     ;
; REG8:RegDM|FFD:inst1|inst0~0                           ;     ;
; REG8:RegInstr|FFD:inst1|inst0~0                        ;     ;
; Counter8:Counter2|FFJK:inst1|inst0~0                   ;     ;
; REG8:RegX|FFD:inst3|inst0~0                            ;     ;
; REG8:RegB|FFD:inst3|inst0~0                            ;     ;
; REG8:RegA|FFD:inst3|inst0~0                            ;     ;
; PC:ProgCounter|FFJK:inst3|inst0~0                      ;     ;
; REG8:RegEM|FFD:inst3|inst0~0                           ;     ;
; REG8:RegDM|FFD:inst3|inst0~0                           ;     ;
; REG8:RegInstr|FFD:inst3|inst0~0                        ;     ;
; Counter8:Counter2|FFJK:inst3|inst0~0                   ;     ;
; REG8:RegX|FFD:inst4|inst0~0                            ;     ;
; REG8:RegB|FFD:inst4|inst0~0                            ;     ;
; REG8:RegA|FFD:inst4|inst0~0                            ;     ;
; PC:ProgCounter|FFJK:inst4|inst0~0                      ;     ;
; REG8:RegEM|FFD:inst4|inst0~0                           ;     ;
; REG8:RegDM|FFD:inst4|inst0~0                           ;     ;
; REG8:RegInstr|FFD:inst4|inst0~0                        ;     ;
; Counter8:Counter2|FFJK:inst4|inst0~0                   ;     ;
; REG8:RegX|FFD:inst6|inst0~0                            ;     ;
; REG8:RegB|FFD:inst6|inst0~0                            ;     ;
; REG8:RegA|FFD:inst6|inst0~0                            ;     ;
; PC:ProgCounter|FFJK:inst6|inst0~0                      ;     ;
; REG8:RegEM|FFD:inst6|inst0~0                           ;     ;
; REG8:RegDM|FFD:inst6|inst0~0                           ;     ;
; REG8:RegInstr|FFD:inst6|inst0~0                        ;     ;
; Counter8:Counter2|FFJK:inst6|inst0~0                   ;     ;
; REG8:RegX|FFD:inst5|inst0~0                            ;     ;
; REG8:RegB|FFD:inst5|inst0~0                            ;     ;
; REG8:RegA|FFD:inst5|inst0~0                            ;     ;
; PC:ProgCounter|FFJK:inst5|inst0~0                      ;     ;
; REG8:RegEM|FFD:inst5|inst0~0                           ;     ;
; REG8:RegDM|FFD:inst5|inst0~0                           ;     ;
; REG8:RegInstr|FFD:inst5|inst0~0                        ;     ;
; Counter8:Counter2|FFJK:inst5|inst0~0                   ;     ;
; REG8:RegX|FFD:inst7|inst0~0                            ;     ;
; REG8:RegB|FFD:inst7|inst0~0                            ;     ;
; REG8:RegA|FFD:inst7|inst0~0                            ;     ;
; PC:ProgCounter|FFJK:inst7|inst0~0                      ;     ;
; REG8:RegEM|FFD:inst7|inst0~0                           ;     ;
; REG8:RegDM|FFD:inst7|inst0~0                           ;     ;
; REG8:RegInstr|FFD:inst7|inst0~0                        ;     ;
; Counter8:Counter2|FFJK:inst7|inst0~0                   ;     ;
; FFD:FlagN|inst3~0                                      ;     ;
; FFD:FlagN|inst5~0                                      ;     ;
; FFD:FlagZ|inst3~0                                      ;     ;
; FFD:FlagZ|inst5~0                                      ;     ;
; FFD:FlagC|inst3~0                                      ;     ;
; FFD:FlagC|inst5~0                                      ;     ;
; REG8:RegX|FFD:inst0|inst3~0                            ;     ;
; REG8:RegX|FFD:inst0|inst5~0                            ;     ;
; REG8:RegB|FFD:inst0|inst3~0                            ;     ;
; REG8:RegB|FFD:inst0|inst5~0                            ;     ;
; REG8:RegA|FFD:inst0|inst3~0                            ;     ;
; REG8:RegA|FFD:inst0|inst5~0                            ;     ;
; PC:ProgCounter|FFJK:inst0|inst3~0                      ;     ;
; PC:ProgCounter|FFJK:inst0|inst5~0                      ;     ;
; REG8:RegEM|FFD:inst0|inst3~0                           ;     ;
; REG8:RegEM|FFD:inst0|inst5~0                           ;     ;
; REG8:RegDM|FFD:inst0|inst3~0                           ;     ;
; REG8:RegDM|FFD:inst0|inst5~0                           ;     ;
; REG8:RegInstr|FFD:inst0|inst3~0                        ;     ;
; REG8:RegInstr|FFD:inst0|inst5~0                        ;     ;
; Counter8:Counter2|FFJK:inst0|inst3~0                   ;     ;
; Counter8:Counter2|FFJK:inst0|inst5~0                   ;     ;
; REG8:RegX|FFD:inst2|inst3~0                            ;     ;
; REG8:RegX|FFD:inst2|inst5~0                            ;     ;
; REG8:RegB|FFD:inst2|inst3~0                            ;     ;
; REG8:RegB|FFD:inst2|inst5~0                            ;     ;
; REG8:RegA|FFD:inst2|inst3~0                            ;     ;
; REG8:RegA|FFD:inst2|inst5~0                            ;     ;
; PC:ProgCounter|FFJK:inst2|inst3~0                      ;     ;
; PC:ProgCounter|FFJK:inst2|inst5~0                      ;     ;
; REG8:RegEM|FFD:inst2|inst3~0                           ;     ;
; REG8:RegEM|FFD:inst2|inst5~0                           ;     ;
; REG8:RegDM|FFD:inst2|inst3~0                           ;     ;
; Number of logic cells representing combinational loops ; 249 ;
+--------------------------------------------------------+-----+
Table restricted to first 100 entries. Note: All cells listed above may not be present at the end of synthesis due to various synthesis optimizations.


+------------------------------------------------------+
; General Register Statistics                          ;
+----------------------------------------------+-------+
; Statistic                                    ; Value ;
+----------------------------------------------+-------+
; Total registers                              ; 2048  ;
; Number of registers using Synchronous Clear  ; 0     ;
; Number of registers using Synchronous Load   ; 0     ;
; Number of registers using Asynchronous Clear ; 2048  ;
; Number of registers using Asynchronous Load  ; 0     ;
; Number of registers using Clock Enable       ; 2048  ;
; Number of registers using Preset             ; 0     ;
+----------------------------------------------+-------+


+-----------------------------------------------------+
; Inverted Register Statistics                        ;
+-------------------------------------------+---------+
; Inverted Register                         ; Fan out ;
+-------------------------------------------+---------+
; Mem_Asteroide:inst|memdata[98][7]         ; 1       ;
; Mem_Asteroide:inst|memdata[38][7]         ; 1       ;
; Mem_Asteroide:inst|memdata[118][7]        ; 1       ;
; Mem_Asteroide:inst|memdata[50][7]         ; 1       ;
; Mem_Asteroide:inst|memdata[90][7]         ; 1       ;
; Mem_Asteroide:inst|memdata[26][7]         ; 1       ;
; Mem_Asteroide:inst|memdata[30][7]         ; 1       ;
; Mem_Asteroide:inst|memdata[138][7]        ; 1       ;
; Mem_Asteroide:inst|memdata[74][7]         ; 1       ;
; Mem_Asteroide:inst|memdata[126][7]        ; 1       ;
; Mem_Asteroide:inst|memdata[42][7]         ; 1       ;
; Mem_Asteroide:inst|memdata[134][7]        ; 1       ;
; Mem_Asteroide:inst|memdata[82][7]         ; 1       ;
; Mem_Asteroide:inst|memdata[70][7]         ; 1       ;
; Mem_Asteroide:inst|memdata[86][7]         ; 1       ;
; Mem_Asteroide:inst|memdata[13][7]         ; 1       ;
; Mem_Asteroide:inst|memdata[101][7]        ; 1       ;
; Mem_Asteroide:inst|memdata[109][7]        ; 1       ;
; Mem_Asteroide:inst|memdata[69][7]         ; 1       ;
; Mem_Asteroide:inst|memdata[5][7]          ; 1       ;
; Mem_Asteroide:inst|memdata[49][7]         ; 1       ;
; Mem_Asteroide:inst|memdata[121][7]        ; 1       ;
; Mem_Asteroide:inst|memdata[93][7]         ; 1       ;
; Mem_Asteroide:inst|memdata[29][7]         ; 1       ;
; Mem_Asteroide:inst|memdata[21][7]         ; 1       ;
; Mem_Asteroide:inst|memdata[137][7]        ; 1       ;
; Mem_Asteroide:inst|memdata[9][7]          ; 1       ;
; Mem_Asteroide:inst|memdata[97][7]         ; 1       ;
; Mem_Asteroide:inst|memdata[33][7]         ; 1       ;
; Mem_Asteroide:inst|memdata[105][7]        ; 1       ;
; Mem_Asteroide:inst|memdata[41][7]         ; 1       ;
; Mem_Asteroide:inst|memdata[65][7]         ; 1       ;
; Mem_Asteroide:inst|memdata[129][7]        ; 1       ;
; Mem_Asteroide:inst|memdata[1][7]          ; 1       ;
; Mem_Asteroide:inst|memdata[115][7]        ; 1       ;
; Mem_Asteroide:inst|memdata[107][7]        ; 1       ;
; Mem_Asteroide:inst|memdata[123][7]        ; 1       ;
; Mem_Asteroide:inst|memdata[79][7]         ; 1       ;
; Mem_Asteroide:inst|memdata[87][7]         ; 1       ;
; Mem_Asteroide:inst|memdata[95][7]         ; 1       ;
; Mem_Asteroide:inst|memdata[111][7]        ; 1       ;
; Mem_Asteroide:inst|memdata[103][7]        ; 1       ;
; Mem_Asteroide:inst|memdata[23][7]         ; 1       ;
; Mem_Asteroide:inst|memdata[55][7]         ; 1       ;
; Mem_Asteroide:inst|memdata[19][7]         ; 1       ;
; Mem_Asteroide:inst|memdata[43][7]         ; 1       ;
; Mem_Asteroide:inst|memdata[15][7]         ; 1       ;
; Mem_Asteroide:inst|memdata[47][7]         ; 1       ;
; Mem_Asteroide:inst|memdata[11][7]         ; 1       ;
; Mem_Asteroide:inst|memdata[59][7]         ; 1       ;
; Mem_Asteroide:inst|memdata[31][7]         ; 1       ;
; Mem_Asteroide:inst|memdata[63][7]         ; 1       ;
; Mem_Asteroide:inst|memdata[7][7]          ; 1       ;
; Mem_Asteroide:inst|memdata[35][7]         ; 1       ;
; Mem_Asteroide:inst|memdata[3][7]          ; 1       ;
; Mem_Asteroide:inst|memdata[112][7]        ; 1       ;
; Mem_Asteroide:inst|memdata[76][7]         ; 1       ;
; Mem_Asteroide:inst|memdata[84][7]         ; 1       ;
; Mem_Asteroide:inst|memdata[92][7]         ; 1       ;
; Mem_Asteroide:inst|memdata[116][7]        ; 1       ;
; Mem_Asteroide:inst|memdata[124][7]        ; 1       ;
; Mem_Asteroide:inst|memdata[80][7]         ; 1       ;
; Mem_Asteroide:inst|memdata[64][7]         ; 1       ;
; Mem_Asteroide:inst|memdata[132][7]        ; 1       ;
; Mem_Asteroide:inst|memdata[136][7]        ; 1       ;
; Mem_Asteroide:inst|memdata[128][7]        ; 1       ;
; Mem_Asteroide:inst|memdata[52][7]         ; 1       ;
; Mem_Asteroide:inst|memdata[60][7]         ; 1       ;
; Mem_Asteroide:inst|memdata[24][7]         ; 1       ;
; Mem_Asteroide:inst|memdata[36][7]         ; 1       ;
; Mem_Asteroide:inst|memdata[30][6]         ; 1       ;
; Mem_Asteroide:inst|memdata[22][6]         ; 1       ;
; Mem_Asteroide:inst|memdata[86][6]         ; 1       ;
; Mem_Asteroide:inst|memdata[124][6]        ; 1       ;
; Mem_Asteroide:inst|memdata[126][6]        ; 1       ;
; Mem_Asteroide:inst|memdata[92][6]         ; 1       ;
; Mem_Asteroide:inst|memdata[84][6]         ; 1       ;
; Mem_Asteroide:inst|memdata[132][6]        ; 1       ;
; Mem_Asteroide:inst|memdata[134][6]        ; 1       ;
; Mem_Asteroide:inst|memdata[59][6]         ; 1       ;
; Mem_Asteroide:inst|memdata[41][6]         ; 1       ;
; Mem_Asteroide:inst|memdata[75][6]         ; 1       ;
; Mem_Asteroide:inst|memdata[121][6]        ; 1       ;
; Mem_Asteroide:inst|memdata[107][6]        ; 1       ;
; Mem_Asteroide:inst|memdata[123][6]        ; 1       ;
; Mem_Asteroide:inst|memdata[105][6]        ; 1       ;
; Mem_Asteroide:inst|memdata[11][6]         ; 1       ;
; Mem_Asteroide:inst|memdata[27][6]         ; 1       ;
; Mem_Asteroide:inst|memdata[9][6]          ; 1       ;
; Mem_Asteroide:inst|memdata[129][6]        ; 1       ;
; Mem_Asteroide:inst|memdata[97][6]         ; 1       ;
; Mem_Asteroide:inst|memdata[99][6]         ; 1       ;
; Mem_Asteroide:inst|memdata[19][6]         ; 1       ;
; Mem_Asteroide:inst|memdata[49][6]         ; 1       ;
; Mem_Asteroide:inst|memdata[113][6]        ; 1       ;
; Mem_Asteroide:inst|memdata[115][6]        ; 1       ;
; Mem_Asteroide:inst|memdata[33][6]         ; 1       ;
; Mem_Asteroide:inst|memdata[3][6]          ; 1       ;
; Mem_Asteroide:inst|memdata[35][6]         ; 1       ;
; Mem_Asteroide:inst|memdata[1][6]          ; 1       ;
; Total number of inverted registers = 434* ;         ;
+-------------------------------------------+---------+
* Table truncated at 100 items. To change the number of inverted registers reported, set the "Number of Inverted Registers Reported" option under Assignments->Settings->Analysis and Synthesis Settings->More Settings


+-------------------------------------------------------------------------------------------------------------------------------------------------------------------------------+
; Multiplexer Restructuring Statistics (Restructuring Performed)                                                                                                                ;
+--------------------+-----------+---------------+----------------------+------------------------+------------+-----------------------------------------------------------------+
; Multiplexer Inputs ; Bus Width ; Baseline Area ; Area if Restructured ; Saving if Restructured ; Registered ; Example Multiplexer Output                                      ;
+--------------------+-----------+---------------+----------------------+------------------------+------------+-----------------------------------------------------------------+
; 4:1                ; 8 bits    ; 16 LEs        ; 16 LEs               ; 0 LEs                  ; No         ; |Ramses|MUX32x8:MUXs1s0|MUX16x8:inst3|MUX2x1:inst6|inst3        ;
; 4:1                ; 7 bits    ; 14 LEs        ; 14 LEs               ; 0 LEs                  ; No         ; |Ramses|ALU:ULA|MUX32x8:inst15|MUX16x8:inst3|MUX2x1:inst3|inst3 ;
; 3:1                ; 8 bits    ; 16 LEs        ; 16 LEs               ; 0 LEs                  ; No         ; |Ramses|REG8:RegEM|FFD:inst5|inst8                              ;
; 8:1                ; 8 bits    ; 40 LEs        ; 40 LEs               ; 0 LEs                  ; No         ; |Ramses|MUX16x8:inst11|MUX2x1:inst|inst3                        ;
; 256:1              ; 8 bits    ; 1360 LEs      ; 1360 LEs             ; 0 LEs                  ; No         ; |Ramses|Mem_Asteroide:inst|data_out[1]                          ;
+--------------------+-----------+---------------+----------------------+------------------------+------------+-----------------------------------------------------------------+


+-------------------------------+
; Elapsed Time Per Partition    ;
+----------------+--------------+
; Partition Name ; Elapsed Time ;
+----------------+--------------+
; Top            ; 00:01:09     ;
+----------------+--------------+


+-------------------------------+
; Analysis & Synthesis Messages ;
+-------------------------------+
Info: *******************************************************************
Info: Running Quartus II 64-Bit Analysis & Synthesis
    Info: Version 13.1.0 Build 162 10/23/2013 SJ Web Edition
    Info: Processing started: Mon Jul 17 14:35:57 2017
Info: Command: quartus_map --read_settings_files=on --write_settings_files=off Ramses -c Ramses
Warning (20028): Parallel compilation is not licensed and has been disabled
Info (12021): Found 1 design units, including 1 entities, in source file controle.bdf
    Info (12023): Found entity 1: Controle
Info (12021): Found 1 design units, including 1 entities, in source file xor2x8.bdf
    Info (12023): Found entity 1: XOR2x8
Info (12021): Found 1 design units, including 1 entities, in source file shr.bdf
    Info (12023): Found entity 1: SHR
Info (12021): Found 1 design units, including 1 entities, in source file reg8.bdf
    Info (12023): Found entity 1: REG8
Info (12021): Found 1 design units, including 1 entities, in source file rca8.bdf
    Info (12023): Found entity 1: RCA8
Info (12021): Found 1 design units, including 1 entities, in source file rca4.bdf
    Info (12023): Found entity 1: RCA4
Info (12021): Found 1 design units, including 1 entities, in source file pc.bdf
    Info (12023): Found entity 1: PC
Info (12021): Found 1 design units, including 1 entities, in source file or2x8.bdf
    Info (12023): Found entity 1: OR2x8
Info (12021): Found 1 design units, including 1 entities, in source file mux32x8.bdf
    Info (12023): Found entity 1: MUX32x8
Info (12021): Found 1 design units, including 1 entities, in source file mux2x1.bdf
    Info (12023): Found entity 1: MUX2x1
Info (12021): Found 1 design units, including 1 entities, in source file mux16x8.bdf
    Info (12023): Found entity 1: MUX16x8
Info (12021): Found 1 design units, including 1 entities, in source file ha.bdf
    Info (12023): Found entity 1: HA
Info (12021): Found 1 design units, including 1 entities, in source file ffjk.bdf
    Info (12023): Found entity 1: FFJK
Info (12021): Found 1 design units, including 1 entities, in source file ffd.bdf
    Info (12023): Found entity 1: FFD
Info (12021): Found 1 design units, including 1 entities, in source file fa.bdf
    Info (12023): Found entity 1: FA
Info (12021): Found 1 design units, including 1 entities, in source file extend8.bdf
    Info (12023): Found entity 1: extend8
Info (12021): Found 1 design units, including 1 entities, in source file decod4x16.bdf
    Info (12023): Found entity 1: Decod4x16
Info (12021): Found 1 design units, including 1 entities, in source file counter8.bdf
    Info (12023): Found entity 1: Counter8
Info (12021): Found 1 design units, including 1 entities, in source file and2x8.bdf
    Info (12023): Found entity 1: AND2x8
Info (12021): Found 1 design units, including 1 entities, in source file alu.bdf
    Info (12023): Found entity 1: ALU
Info (12021): Found 1 design units, including 1 entities, in source file 7seg.bdf
    Info (12023): Found entity 1: 7SEG
Info (12021): Found 1 design units, including 1 entities, in source file ramses.bdf
    Info (12023): Found entity 1: Ramses
Info (12021): Found 2 design units, including 1 entities, in source file mem_ramses.vhd
    Info (12022): Found design unit 1: Mem_Ramses-Behavior
    Info (12023): Found entity 1: Mem_Ramses
Info (12021): Found 2 design units, including 1 entities, in source file mem_nearamsessum33.vhd
    Info (12022): Found design unit 1: Mem_RamsesSum-Behavior
    Info (12023): Found entity 1: Mem_RamsesSum
Info (12021): Found 2 design units, including 1 entities, in source file output_files/memramsesfib.vhd
    Info (12022): Found design unit 1: Mem_RamsesFib-Behavior
    Info (12023): Found entity 1: Mem_RamsesFib
Info (12021): Found 2 design units, including 1 entities, in source file mem_asteroide.vhd
    Info (12022): Found design unit 1: Mem_Asteroide-Behavior
    Info (12023): Found entity 1: Mem_Asteroide
Info (12127): Elaborating entity "Ramses" for the top level hierarchy
Warning (275008): Primitive "VCC" of instance "inst1" not used
Info (12128): Elaborating entity "FFD" for hierarchy "FFD:FlagN"
Info (12128): Elaborating entity "ALU" for hierarchy "ALU:ULA"
Info (12128): Elaborating entity "MUX32x8" for hierarchy "ALU:ULA|MUX32x8:inst15"
Info (12128): Elaborating entity "MUX16x8" for hierarchy "ALU:ULA|MUX32x8:inst15|MUX16x8:inst3"
Info (12128): Elaborating entity "MUX2x1" for hierarchy "ALU:ULA|MUX32x8:inst15|MUX16x8:inst3|MUX2x1:inst"
Info (12128): Elaborating entity "RCA8" for hierarchy "ALU:ULA|RCA8:inst11"
Info (12128): Elaborating entity "RCA4" for hierarchy "ALU:ULA|RCA8:inst11|RCA4:inst2"
Info (12128): Elaborating entity "FA" for hierarchy "ALU:ULA|RCA8:inst11|RCA4:inst2|FA:inst000"
Info (12128): Elaborating entity "HA" for hierarchy "ALU:ULA|RCA8:inst11|RCA4:inst2|FA:inst000|HA:inst01"
Info (12128): Elaborating entity "AND2x8" for hierarchy "ALU:ULA|AND2x8:inst8"
Info (12128): Elaborating entity "XOR2x8" for hierarchy "ALU:ULA|XOR2x8:inst7"
Info (12128): Elaborating entity "extend8" for hierarchy "ALU:ULA|extend8:inst3"
Info (12128): Elaborating entity "SHR" for hierarchy "ALU:ULA|SHR:inst12"
Info (12128): Elaborating entity "OR2x8" for hierarchy "ALU:ULA|OR2x8:inst13"
Info (12128): Elaborating entity "Controle" for hierarchy "Controle:inst2"
Info (12128): Elaborating entity "Decod4x16" for hierarchy "Controle:inst2|Decod4x16:OpCode"
Warning (12125): Using design file decod2x4.bdf, which is not specified as a design file for the current project, but contains definitions for 1 design units and 1 entities in project
    Info (12023): Found entity 1: Decod2x4
Info (12128): Elaborating entity "Decod2x4" for hierarchy "Controle:inst2|Decod2x4:ModoEnd"
Info (12128): Elaborating entity "Counter8" for hierarchy "Counter8:Counter2"
Info (12128): Elaborating entity "FFJK" for hierarchy "Counter8:Counter2|FFJK:inst0"
Info (12128): Elaborating entity "REG8" for hierarchy "REG8:RegInstr"
Info (12128): Elaborating entity "Mem_Asteroide" for hierarchy "Mem_Asteroide:inst"
Info (12128): Elaborating entity "PC" for hierarchy "PC:ProgCounter"
Info (12128): Elaborating entity "7SEG" for hierarchy "7SEG:inst6"
Info (13000): Registers with preset signals will power-up high
Info (13003): DEV_CLRn pin will set, and not reset, register with preset signal due to NOT Gate Push-Back
Info (286030): Timing-Driven Synthesis is running
Info (16010): Generating hard_block partition "hard_block:auto_generated_inst"
    Info (16011): Adding 0 node(s), including 0 DDIO, 0 PLL, 0 transceiver and 0 LCELL
Info (21057): Implemented 4323 device resources after synthesis - the final resource count might be different
    Info (21058): Implemented 6 input pins
    Info (21059): Implemented 17 output pins
    Info (21061): Implemented 4300 logic cells
Info: Quartus II 64-Bit Analysis & Synthesis was successful. 0 errors, 3 warnings
    Info: Peak virtual memory: 824 megabytes
    Info: Processing ended: Mon Jul 17 14:37:11 2017
    Info: Elapsed time: 00:01:14
    Info: Total CPU time (on all processors): 00:01:13


